c:\users\spase\source\repos\lab4\lab4\x64\debug\vc143.pdb
c:\users\spase\source\repos\lab4\lab4\x64\debug\vc143.idb
c:\users\spase\source\repos\lab4\lab4\x64\debug\source.obj
c:\users\spase\source\repos\lab4\lab4\x64\debug\header.obj
c:\users\spase\source\repos\lab4\lab4\x64\debug\main.obj
c:\users\spase\source\repos\lab4\lab4\x64\debug\monoblock.obj
c:\users\spase\source\repos\lab4\lab4\x64\debug\desktop.obj
c:\users\spase\source\repos\lab4\lab4\x64\debug\computer.obj
c:\users\spase\source\repos\lab4\x64\debug\lab4.exe
c:\users\spase\source\repos\lab4\lab4\x64\debug\lab4.ilk
c:\users\spase\source\repos\lab4\x64\debug\lab4.pdb
c:\users\spase\source\repos\lab4\lab4\x64\debug\exp.obj
c:\users\spase\source\repos\lab4\lab4\x64\debug\list.obj
c:\users\spase\source\repos\lab4\lab4\x64\debug\person.obj
c:\users\spase\source\repos\lab4\lab4\x64\debug\lab4.tlog\cl.command.1.tlog
c:\users\spase\source\repos\lab4\lab4\x64\debug\lab4.tlog\cl.items.tlog
c:\users\spase\source\repos\lab4\lab4\x64\debug\lab4.tlog\cl.read.1.tlog
c:\users\spase\source\repos\lab4\lab4\x64\debug\lab4.tlog\cl.write.1.tlog
c:\users\spase\source\repos\lab4\lab4\x64\debug\lab4.tlog\link.command.1.tlog
c:\users\spase\source\repos\lab4\lab4\x64\debug\lab4.tlog\link.read.1.tlog
c:\users\spase\source\repos\lab4\lab4\x64\debug\lab4.tlog\link.write.1.tlog
